<?xml version="1.0" encoding="UTF-8"?>
<coverage generated="1730238497271" clover="3.2.0">
  <project timestamp="1730238497271" name="All files">
    <metrics statements="21" coveredstatements="12" conditionals="8" coveredconditionals="5" methods="3" coveredmethods="2" elements="32" coveredelements="19" complexity="0" loc="21" ncloc="21" packages="1" files="1" classes="1"/>
    <file name="nombre_apellido.js" path="/home/curso/curso-core_js/koldo_sanmartin_tema_9/koldo_sanmartin_tema_9/nombre_apellido.js">
      <metrics statements="21" coveredstatements="12" conditionals="8" coveredconditionals="5" methods="3" coveredmethods="2"/>
      <line num="40" count="1" type="stmt"/>
      <line num="51" count="4" type="stmt"/>
      <line num="52" count="4" type="stmt"/>
      <line num="62" count="11" type="cond" truecount="2" falsecount="0"/>
      <line num="63" count="4" type="stmt"/>
      <line num="66" count="7" type="stmt"/>
      <line num="70" count="7" type="cond" truecount="2" falsecount="0"/>
      <line num="71" count="4" type="stmt"/>
      <line num="74" count="3" type="stmt"/>
      <line num="76" count="3" type="stmt"/>
      <line num="81" count="1" type="cond" truecount="1" falsecount="1"/>
      <line num="82" count="0" type="stmt"/>
      <line num="87" count="0" type="stmt"/>
      <line num="88" count="0" type="stmt"/>
      <line num="89" count="0" type="stmt"/>
      <line num="90" count="0" type="stmt"/>
      <line num="92" count="0" type="cond" truecount="0" falsecount="2"/>
      <line num="93" count="0" type="stmt"/>
      <line num="95" count="0" type="stmt"/>
      <line num="98" count="0" type="stmt"/>
      <line num="104" count="1" type="stmt"/>
    </file>
  </project>
</coverage>
