{"/home/curso/curso-core_js/koldo_sanmartin_tema_9/koldo_sanmartin_tema_9/nombre_apellido.js": {"path":"/home/curso/curso-core_js/koldo_sanmartin_tema_9/koldo_sanmartin_tema_9/nombre_apellido.js","statementMap":{"0":{"start":{"line":40,"column":17},"end":{"line":40,"column":36}},"1":{"start":{"line":51,"column":8},"end":{"line":51,"column":23}},"2":{"start":{"line":52,"column":8},"end":{"line":52,"column":33}},"3":{"start":{"line":62,"column":4},"end":{"line":64,"column":5}},"4":{"start":{"line":63,"column":8},"end":{"line":63,"column":74}},"5":{"start":{"line":66,"column":18},"end":{"line":66,"column":40}},"6":{"start":{"line":70,"column":4},"end":{"line":72,"column":5}},"7":{"start":{"line":71,"column":8},"end":{"line":71,"column":102}},"8":{"start":{"line":74,"column":34},"end":{"line":74,"column":39}},"9":{"start":{"line":76,"column":4},"end":{"line":76,"column":111}},"10":{"start":{"line":81,"column":0},"end":{"line":101,"column":1}},"11":{"start":{"line":82,"column":15},"end":{"line":85,"column":6}},"12":{"start":{"line":87,"column":4},"end":{"line":100,"column":7}},"13":{"start":{"line":88,"column":8},"end":{"line":99,"column":9}},"14":{"start":{"line":89,"column":27},"end":{"line":89,"column":54}},"15":{"start":{"line":90,"column":12},"end":{"line":90,"column":32}},"16":{"start":{"line":92,"column":12},"end":{"line":96,"column":13}},"17":{"start":{"line":93,"column":16},"end":{"line":93,"column":60}},"18":{"start":{"line":95,"column":16},"end":{"line":95,"column":55}},"19":{"start":{"line":98,"column":12},"end":{"line":98,"column":23}},"20":{"start":{"line":104,"column":0},"end":{"line":104,"column":54}}},"fnMap":{"0":{"name":"(anonymous_0)","decl":{"start":{"line":50,"column":4},"end":{"line":50,"column":5}},"loc":{"start":{"line":50,"column":25},"end":{"line":53,"column":5}},"line":50},"1":{"name":"capitalize_last_name","decl":{"start":{"line":58,"column":9},"end":{"line":58,"column":29}},"loc":{"start":{"line":58,"column":36},"end":{"line":77,"column":1}},"line":58},"2":{"name":"(anonymous_2)","decl":{"start":{"line":87,"column":52},"end":{"line":87,"column":53}},"loc":{"start":{"line":87,"column":63},"end":{"line":100,"column":5}},"line":87}},"branchMap":{"0":{"loc":{"start":{"line":62,"column":4},"end":{"line":64,"column":5}},"type":"if","locations":[{"start":{"line":62,"column":4},"end":{"line":64,"column":5}},{"start":{},"end":{}}],"line":62},"1":{"loc":{"start":{"line":70,"column":4},"end":{"line":72,"column":5}},"type":"if","locations":[{"start":{"line":70,"column":4},"end":{"line":72,"column":5}},{"start":{},"end":{}}],"line":70},"2":{"loc":{"start":{"line":81,"column":0},"end":{"line":101,"column":1}},"type":"if","locations":[{"start":{"line":81,"column":0},"end":{"line":101,"column":1}},{"start":{},"end":{}}],"line":81},"3":{"loc":{"start":{"line":92,"column":12},"end":{"line":96,"column":13}},"type":"if","locations":[{"start":{"line":92,"column":12},"end":{"line":96,"column":13}},{"start":{"line":94,"column":19},"end":{"line":96,"column":13}}],"line":92}},"s":{"0":1,"1":4,"2":4,"3":11,"4":4,"5":7,"6":7,"7":4,"8":3,"9":3,"10":1,"11":0,"12":0,"13":0,"14":0,"15":0,"16":0,"17":0,"18":0,"19":0,"20":1},"f":{"0":4,"1":11,"2":0},"b":{"0":[4,7],"1":[4,3],"2":[0,1],"3":[0,0]},"_coverageSchema":"1a1c01bbd47fc00a2c39e90264f33305004495a9","hash":"e0c48e79eb72d0da3e5a0f1ab8aca9496437ae0b"}
}
