<?xml version="1.0" encoding="UTF-8"?>
<coverage generated="1729767559682" clover="3.2.0">
  <project timestamp="1729767559682" name="All files">
    <metrics statements="17" coveredstatements="17" conditionals="6" coveredconditionals="6" methods="2" coveredmethods="2" elements="25" coveredelements="25" complexity="0" loc="17" ncloc="17" packages="1" files="1" classes="1"/>
    <file name="click.js" path="/home/curso/curso-core_js/koldo_sanmartin_tema_10/koldo_sanmartin_ejer_tema_10/koldo_sanmartin_tema_10/click.js">
      <metrics statements="17" coveredstatements="17" conditionals="6" coveredconditionals="6" methods="2" coveredmethods="2"/>
      <line num="7" count="1" type="stmt"/>
      <line num="8" count="1" type="stmt"/>
      <line num="9" count="1" type="stmt"/>
      <line num="13" count="610" type="stmt"/>
      <line num="15" count="610" type="stmt"/>
      <line num="17" count="610" type="stmt"/>
      <line num="18" count="610" type="stmt"/>
      <line num="20" count="610" type="cond" truecount="2" falsecount="0"/>
      <line num="21" count="610" type="cond" truecount="2" falsecount="0"/>
      <line num="24" count="610" type="stmt"/>
      <line num="28" count="7" type="cond" truecount="2" falsecount="0"/>
      <line num="29" count="4" type="stmt"/>
      <line num="30" count="4" type="stmt"/>
      <line num="32" count="3" type="stmt"/>
      <line num="33" count="3" type="stmt"/>
      <line num="38" count="1" type="stmt"/>
      <line num="41" count="1" type="stmt"/>
    </file>
  </project>
</coverage>
