{"/home/curso/curso-core_js/koldo_sanmartin_tema_10/koldo_sanmartin_ejer_tema_10/koldo_sanmartin_tema_10/click.js": {"path":"/home/curso/curso-core_js/koldo_sanmartin_tema_10/koldo_sanmartin_ejer_tema_10/koldo_sanmartin_tema_10/click.js","statementMap":{"0":{"start":{"line":7,"column":22},"end":{"line":7,"column":23}},"1":{"start":{"line":8,"column":16},"end":{"line":8,"column":20}},"2":{"start":{"line":9,"column":16},"end":{"line":9,"column":21}},"3":{"start":{"line":13,"column":2},"end":{"line":13,"column":20}},"4":{"start":{"line":15,"column":2},"end":{"line":15,"column":63}},"5":{"start":{"line":17,"column":18},"end":{"line":17,"column":50}},"6":{"start":{"line":18,"column":19},"end":{"line":18,"column":39}},"7":{"start":{"line":20,"column":23},"end":{"line":20,"column":61}},"8":{"start":{"line":21,"column":24},"end":{"line":21,"column":65}},"9":{"start":{"line":24,"column":2},"end":{"line":24,"column":89}},"10":{"start":{"line":28,"column":2},"end":{"line":34,"column":3}},"11":{"start":{"line":29,"column":4},"end":{"line":29,"column":21}},"12":{"start":{"line":30,"column":4},"end":{"line":30,"column":56}},"13":{"start":{"line":32,"column":4},"end":{"line":32,"column":22}},"14":{"start":{"line":33,"column":4},"end":{"line":33,"column":29}},"15":{"start":{"line":38,"column":0},"end":{"line":38,"column":60}},"16":{"start":{"line":41,"column":0},"end":{"line":41,"column":67}}},"fnMap":{"0":{"name":"actualizarCronometro","decl":{"start":{"line":11,"column":9},"end":{"line":11,"column":29}},"loc":{"start":{"line":11,"column":32},"end":{"line":25,"column":1}},"line":11},"1":{"name":"iniciarOPararCronometro","decl":{"start":{"line":27,"column":9},"end":{"line":27,"column":32}},"loc":{"start":{"line":27,"column":35},"end":{"line":35,"column":1}},"line":27}},"branchMap":{"0":{"loc":{"start":{"line":20,"column":23},"end":{"line":20,"column":61}},"type":"cond-expr","locations":[{"start":{"line":20,"column":38},"end":{"line":20,"column":51}},{"start":{"line":20,"column":54},"end":{"line":20,"column":61}}],"line":20},"1":{"loc":{"start":{"line":21,"column":24},"end":{"line":21,"column":65}},"type":"cond-expr","locations":[{"start":{"line":21,"column":40},"end":{"line":21,"column":54}},{"start":{"line":21,"column":57},"end":{"line":21,"column":65}}],"line":21},"2":{"loc":{"start":{"line":28,"column":2},"end":{"line":34,"column":3}},"type":"if","locations":[{"start":{"line":28,"column":2},"end":{"line":34,"column":3}},{"start":{"line":31,"column":9},"end":{"line":34,"column":3}}],"line":28}},"s":{"0":1,"1":1,"2":1,"3":610,"4":610,"5":610,"6":610,"7":610,"8":610,"9":610,"10":7,"11":4,"12":4,"13":3,"14":3,"15":1,"16":1},"f":{"0":610,"1":7},"b":{"0":[599,11],"1":[109,501],"2":[4,3]},"_coverageSchema":"1a1c01bbd47fc00a2c39e90264f33305004495a9","hash":"88a19aacd5229d4c1b157ec5598b04e95558fb84"}
}
