{"/home/curso/curso-core_js/koldo_sanmartin_tema_11/koldo_sanmartin_tema_11/koldo_sanmartin_ejercicio_07/koldo_sanmartin_ej_07.js": {"path":"/home/curso/curso-core_js/koldo_sanmartin_tema_11/koldo_sanmartin_tema_11/koldo_sanmartin_ejercicio_07/koldo_sanmartin_ej_07.js","statementMap":{"0":{"start":{"line":4,"column":0},"end":{"line":4,"column":81}},"1":{"start":{"line":7,"column":14},"end":{"line":7,"column":71}},"2":{"start":{"line":8,"column":2},"end":{"line":19,"column":3}},"3":{"start":{"line":9,"column":23},"end":{"line":9,"column":39}},"4":{"start":{"line":10,"column":6},"end":{"line":10,"column":46}},"5":{"start":{"line":12,"column":6},"end":{"line":14,"column":7}},"6":{"start":{"line":13,"column":10},"end":{"line":13,"column":71}},"7":{"start":{"line":15,"column":19},"end":{"line":15,"column":40}},"8":{"start":{"line":16,"column":6},"end":{"line":16,"column":46}},"9":{"start":{"line":18,"column":6},"end":{"line":18,"column":37}},"10":{"start":{"line":23,"column":0},"end":{"line":23,"column":16}},"11":{"start":{"line":24,"column":0},"end":{"line":24,"column":16}},"12":{"start":{"line":25,"column":0},"end":{"line":25,"column":16}},"13":{"start":{"line":26,"column":0},"end":{"line":26,"column":16}},"14":{"start":{"line":28,"column":0},"end":{"line":28,"column":34}}},"fnMap":{"0":{"name":"fetchArticle","decl":{"start":{"line":6,"column":15},"end":{"line":6,"column":27}},"loc":{"start":{"line":6,"column":39},"end":{"line":20,"column":1}},"line":6}},"branchMap":{"0":{"loc":{"start":{"line":12,"column":6},"end":{"line":14,"column":7}},"type":"if","locations":[{"start":{"line":12,"column":6},"end":{"line":14,"column":7}},{"start":{},"end":{}}],"line":12}},"s":{"0":1,"1":8,"2":8,"3":8,"4":7,"5":7,"6":1,"7":6,"8":2,"9":6,"10":1,"11":1,"12":1,"13":1,"14":1},"f":{"0":8},"b":{"0":[1,6]},"_coverageSchema":"1a1c01bbd47fc00a2c39e90264f33305004495a9","hash":"3e2ea983ca28d0a4b7de91f66b52f0ff3f388736"}
}
