{"/home/curso/curso-core_js/koldo_sanmartin_tema_11/koldo_sanmartin_tema_11/koldo_sanmartin_ejercicio_08/koldo_sanmartin_ej_08.js": {"path":"/home/curso/curso-core_js/koldo_sanmartin_tema_11/koldo_sanmartin_tema_11/koldo_sanmartin_ejercicio_08/koldo_sanmartin_ej_08.js","statementMap":{"0":{"start":{"line":6,"column":16},"end":{"line":6,"column":60}},"1":{"start":{"line":8,"column":4},"end":{"line":49,"column":5}},"2":{"start":{"line":9,"column":25},"end":{"line":9,"column":41}},"3":{"start":{"line":11,"column":8},"end":{"line":13,"column":9}},"4":{"start":{"line":12,"column":12},"end":{"line":12,"column":73}},"5":{"start":{"line":14,"column":21},"end":{"line":14,"column":42}},"6":{"start":{"line":16,"column":8},"end":{"line":18,"column":9}},"7":{"start":{"line":17,"column":12},"end":{"line":17,"column":56}},"8":{"start":{"line":20,"column":8},"end":{"line":23,"column":70}},"9":{"start":{"line":25,"column":8},"end":{"line":25,"column":48}},"10":{"start":{"line":26,"column":8},"end":{"line":26,"column":71}},"11":{"start":{"line":28,"column":8},"end":{"line":28,"column":41}},"12":{"start":{"line":30,"column":8},"end":{"line":30,"column":67}},"13":{"start":{"line":33,"column":26},"end":{"line":33,"column":55}},"14":{"start":{"line":34,"column":8},"end":{"line":34,"column":56}},"15":{"start":{"line":35,"column":8},"end":{"line":35,"column":45}},"16":{"start":{"line":36,"column":8},"end":{"line":39,"column":11}},"17":{"start":{"line":37,"column":27},"end":{"line":37,"column":74}},"18":{"start":{"line":38,"column":12},"end":{"line":38,"column":63}},"19":{"start":{"line":41,"column":8},"end":{"line":41,"column":80}},"20":{"start":{"line":42,"column":8},"end":{"line":42,"column":58}},"21":{"start":{"line":43,"column":8},"end":{"line":46,"column":13}},"22":{"start":{"line":43,"column":43},"end":{"line":46,"column":9}},"23":{"start":{"line":48,"column":8},"end":{"line":48,"column":39}},"24":{"start":{"line":53,"column":0},"end":{"line":53,"column":19}},"25":{"start":{"line":55,"column":0},"end":{"line":55,"column":38}}},"fnMap":{"0":{"name":"fetchAllArticles","decl":{"start":{"line":5,"column":15},"end":{"line":5,"column":31}},"loc":{"start":{"line":5,"column":34},"end":{"line":50,"column":1}},"line":5},"1":{"name":"(anonymous_1)","decl":{"start":{"line":36,"column":21},"end":{"line":36,"column":22}},"loc":{"start":{"line":36,"column":41},"end":{"line":39,"column":9}},"line":36},"2":{"name":"(anonymous_2)","decl":{"start":{"line":43,"column":31},"end":{"line":43,"column":32}},"loc":{"start":{"line":43,"column":43},"end":{"line":46,"column":9}},"line":43}},"branchMap":{"0":{"loc":{"start":{"line":11,"column":8},"end":{"line":13,"column":9}},"type":"if","locations":[{"start":{"line":11,"column":8},"end":{"line":13,"column":9}},{"start":{},"end":{}}],"line":11},"1":{"loc":{"start":{"line":16,"column":8},"end":{"line":18,"column":9}},"type":"if","locations":[{"start":{"line":16,"column":8},"end":{"line":18,"column":9}},{"start":{},"end":{}}],"line":16},"2":{"loc":{"start":{"line":16,"column":12},"end":{"line":16,"column":38}},"type":"binary-expr","locations":[{"start":{"line":16,"column":12},"end":{"line":16,"column":17}},{"start":{"line":16,"column":21},"end":{"line":16,"column":38}}],"line":16},"3":{"loc":{"start":{"line":44,"column":20},"end":{"line":44,"column":102}},"type":"cond-expr","locations":[{"start":{"line":44,"column":48},"end":{"line":44,"column":86}},{"start":{"line":44,"column":89},"end":{"line":44,"column":102}}],"line":44},"4":{"loc":{"start":{"line":45,"column":23},"end":{"line":45,"column":103}},"type":"cond-expr","locations":[{"start":{"line":45,"column":51},"end":{"line":45,"column":88}},{"start":{"line":45,"column":91},"end":{"line":45,"column":103}}],"line":45}},"s":{"0":7,"1":7,"2":7,"3":6,"4":1,"5":5,"6":4,"7":1,"8":3,"9":3,"10":3,"11":3,"12":3,"13":3,"14":3,"15":3,"16":3,"17":7,"18":7,"19":3,"20":3,"21":3,"22":7,"23":4,"24":1,"25":1},"f":{"0":7,"1":7,"2":7},"b":{"0":[1,5],"1":[1,3],"2":[4,4],"3":[1,6],"4":[1,6]},"_coverageSchema":"1a1c01bbd47fc00a2c39e90264f33305004495a9","hash":"6039761bc608b4201ded0792c2cb9becfe703625"}
}
