TN:
SF:koldo_sanmartin_ej_08.js
FN:5,fetchAllArticles
FN:36,(anonymous_1)
FN:43,(anonymous_2)
FNF:3
FNH:3
FNDA:7,fetchAllArticles
FNDA:7,(anonymous_1)
FNDA:7,(anonymous_2)
DA:6,7
DA:8,7
DA:9,7
DA:11,6
DA:12,1
DA:14,5
DA:16,4
DA:17,1
DA:20,3
DA:25,3
DA:26,3
DA:28,3
DA:30,3
DA:33,3
DA:34,3
DA:35,3
DA:36,3
DA:37,7
DA:38,7
DA:41,3
DA:42,3
DA:43,7
DA:48,4
DA:53,1
DA:55,1
LF:25
LH:25
BRDA:11,0,0,1
BRDA:11,0,1,5
BRDA:16,1,0,1
BRDA:16,1,1,3
BRDA:16,2,0,4
BRDA:16,2,1,4
BRDA:44,3,0,1
BRDA:44,3,1,6
BRDA:45,4,0,1
BRDA:45,4,1,6
BRF:10
BRH:10
end_of_record
