{"/home/curso/curso-core_js/koldo_sanmartin_tema_12/koldo_sanmartin_tema_12/koldo_sanmartin_ej_06.js": {"path":"/home/curso/curso-core_js/koldo_sanmartin_tema_12/koldo_sanmartin_tema_12/koldo_sanmartin_ej_06.js","statementMap":{"0":{"start":{"line":6,"column":4},"end":{"line":6,"column":73}},"1":{"start":{"line":6,"column":43},"end":{"line":6,"column":71}},"2":{"start":{"line":10,"column":14},"end":{"line":10,"column":46}},"3":{"start":{"line":11,"column":22},"end":{"line":11,"column":53}},"4":{"start":{"line":13,"column":0},"end":{"line":13,"column":56}},"5":{"start":{"line":14,"column":0},"end":{"line":14,"column":81}},"6":{"start":{"line":15,"column":0},"end":{"line":15,"column":34}},"7":{"start":{"line":17,"column":0},"end":{"line":17,"column":38}}},"fnMap":{"0":{"name":"getValuesInRange","decl":{"start":{"line":4,"column":9},"end":{"line":4,"column":25}},"loc":{"start":{"line":4,"column":41},"end":{"line":7,"column":1}},"line":4},"1":{"name":"(anonymous_1)","decl":{"start":{"line":6,"column":34},"end":{"line":6,"column":35}},"loc":{"start":{"line":6,"column":43},"end":{"line":6,"column":71}},"line":6}},"branchMap":{"0":{"loc":{"start":{"line":6,"column":43},"end":{"line":6,"column":71}},"type":"binary-expr","locations":[{"start":{"line":6,"column":43},"end":{"line":6,"column":55}},{"start":{"line":6,"column":59},"end":{"line":6,"column":71}}],"line":6}},"s":{"0":6,"1":36,"2":1,"3":1,"4":1,"5":1,"6":1,"7":1},"f":{"0":6,"1":36},"b":{"0":[36,22]},"_coverageSchema":"1a1c01bbd47fc00a2c39e90264f33305004495a9","hash":"7dee78b62899d4f92c26405d011277ce9692628e"}
}
